<?xml version="1.0" encoding="UTF-8"?>
<testsuite name="vn.edu.iuh.fit.test.TestApplicationTests" tests="1" skipped="0" failures="0" errors="0" timestamp="2024-11-23T09:19:00" hostname="H31M26" time="1.16">
  <properties/>
  <testcase name="addProduct()" classname="vn.edu.iuh.fit.test.TestApplicationTests" time="1.16"/>
  <system-out><![CDATA[16:18:45.125 [Test worker] INFO org.springframework.test.context.support.AnnotationConfigContextLoaderUtils -- Could not detect default configuration classes for test class [vn.edu.iuh.fit.test.TestApplicationTests]: TestApplicationTests does not declare any static, non-private, non-final, nested classes annotated with @Configuration.
16:18:45.265 [Test worker] INFO org.springframework.boot.test.context.SpringBootTestContextBootstrapper -- Found @SpringBootConfiguration vn.edu.iuh.fit.TestApplication for test class vn.edu.iuh.fit.test.TestApplicationTests

  .   ____          _            __ _ _
 /\\ / ___'_ __ _ _(_)_ __  __ _ \ \ \ \
( ( )\___ | '_ | '_| | '_ \/ _` | \ \ \ \
 \\/  ___)| |_)| | | | | || (_| |  ) ) ) )
  '  |____| .__|_| |_|_| |_\__, | / / / /
 =========|_|==============|___/=/_/_/_/

 :: Spring Boot ::                (v3.4.0)

2024-11-23T16:18:47.603+07:00  INFO 3404 --- [Test] [    Test worker] v.edu.iuh.fit.test.TestApplicationTests  : Starting TestApplicationTests using Java 17.0.8 with PID 3404 (started by Student in T:\LeHuuBang_20049601\Test)
2024-11-23T16:18:47.605+07:00  INFO 3404 --- [Test] [    Test worker] v.edu.iuh.fit.test.TestApplicationTests  : No active profile set, falling back to 1 default profile: "default"
2024-11-23T16:18:49.943+07:00  INFO 3404 --- [Test] [    Test worker] .s.d.r.c.RepositoryConfigurationDelegate : Multiple Spring Data modules found, entering strict repository configuration mode
2024-11-23T16:18:49.944+07:00  INFO 3404 --- [Test] [    Test worker] .s.d.r.c.RepositoryConfigurationDelegate : Bootstrapping Spring Data JDBC repositories in DEFAULT mode.
2024-11-23T16:18:49.968+07:00  INFO 3404 --- [Test] [    Test worker] .RepositoryConfigurationExtensionSupport : Spring Data JDBC - Could not safely identify store assignment for repository candidate interface vn.edu.iuh.fit.repositories.ProductRepository; If you want this repository to be a JDBC repository, consider annotating your entities with one of these annotations: org.springframework.data.relational.core.mapping.Table.
2024-11-23T16:18:49.969+07:00  INFO 3404 --- [Test] [    Test worker] .s.d.r.c.RepositoryConfigurationDelegate : Finished Spring Data repository scanning in 19 ms. Found 0 JDBC repository interfaces.
2024-11-23T16:18:50.163+07:00  INFO 3404 --- [Test] [    Test worker] .s.d.r.c.RepositoryConfigurationDelegate : Multiple Spring Data modules found, entering strict repository configuration mode
2024-11-23T16:18:50.164+07:00  INFO 3404 --- [Test] [    Test worker] .s.d.r.c.RepositoryConfigurationDelegate : Bootstrapping Spring Data JPA repositories in DEFAULT mode.
2024-11-23T16:18:50.295+07:00  INFO 3404 --- [Test] [    Test worker] .s.d.r.c.RepositoryConfigurationDelegate : Finished Spring Data repository scanning in 53 ms. Found 1 JPA repository interface.
2024-11-23T16:18:53.571+07:00  INFO 3404 --- [Test] [    Test worker] o.hibernate.jpa.internal.util.LogHelper  : HHH000204: Processing PersistenceUnitInfo [name: default]
2024-11-23T16:18:54.600+07:00  INFO 3404 --- [Test] [    Test worker] org.hibernate.Version                    : HHH000412: Hibernate ORM core version 6.6.2.Final
2024-11-23T16:18:54.772+07:00  INFO 3404 --- [Test] [    Test worker] o.h.c.internal.RegionFactoryInitiator    : HHH000026: Second-level cache disabled
2024-11-23T16:18:56.780+07:00  INFO 3404 --- [Test] [    Test worker] o.s.o.j.p.SpringPersistenceUnitInfo      : No LoadTimeWeaver setup: ignoring JPA class transformer
2024-11-23T16:18:56.844+07:00  INFO 3404 --- [Test] [    Test worker] com.zaxxer.hikari.HikariDataSource       : HikariPool-1 - Starting...
2024-11-23T16:18:57.040+07:00  INFO 3404 --- [Test] [    Test worker] com.zaxxer.hikari.pool.HikariPool        : HikariPool-1 - Added connection org.mariadb.jdbc.Connection@3dd2b9c1
2024-11-23T16:18:57.042+07:00  INFO 3404 --- [Test] [    Test worker] com.zaxxer.hikari.HikariDataSource       : HikariPool-1 - Start completed.
2024-11-23T16:18:57.257+07:00  INFO 3404 --- [Test] [    Test worker] org.hibernate.orm.connections.pooling    : HHH10001005: Database info:
	Database JDBC URL [Connecting through datasource 'HikariDataSource (HikariPool-1)']
	Database driver: undefined/unknown
	Database version: 11.2
	Autocommit mode: undefined/unknown
	Isolation level: undefined/unknown
	Minimum pool size: undefined/unknown
	Maximum pool size: undefined/unknown
2024-11-23T16:18:58.194+07:00  INFO 3404 --- [Test] [    Test worker] o.h.e.t.j.p.i.JtaPlatformInitiator       : HHH000489: No JTA platform available (set 'hibernate.transaction.jta.platform' to enable JTA platform integration)
Hibernate: alter table if exists product modify column code varchar(50)
Hibernate: alter table if exists product modify column description varchar(250)
Hibernate: alter table if exists product modify column name varchar(50)
2024-11-23T16:18:59.689+07:00  INFO 3404 --- [Test] [    Test worker] j.LocalContainerEntityManagerFactoryBean : Initialized JPA EntityManagerFactory for persistence unit 'default'
2024-11-23T16:19:00.035+07:00  WARN 3404 --- [Test] [    Test worker] JpaBaseConfiguration$JpaWebConfiguration : spring.jpa.open-in-view is enabled by default. Therefore, database queries may be performed during view rendering. Explicitly configure spring.jpa.open-in-view to disable this warning
2024-11-23T16:19:00.699+07:00  INFO 3404 --- [Test] [    Test worker] v.edu.iuh.fit.test.TestApplicationTests  : Started TestApplicationTests in 14.649 seconds (process running for 16.274)
Hibernate: insert into product (code,description,name,price,register_date) values (?,?,?,?,?)
Hibernate: insert into product (code,description,name,price,register_date) values (?,?,?,?,?)
Hibernate: insert into product (code,description,name,price,register_date) values (?,?,?,?,?)
Hibernate: insert into product (code,description,name,price,register_date) values (?,?,?,?,?)
]]></system-out>
  <system-err><![CDATA[]]></system-err>
</testsuite>
